<?xml version="1.0" encoding="UTF-8"?>
<!-- Generated by org.testng.reporters.JUnitReportReporter -->
<testsuite hostname="WINDOWS-HP1SH4U" failures="0" tests="12" name="testCases.LogInTestCases" time="34.161" errors="0" timestamp="2023-04-09T18:19:43 IST" skipped="0">
  <testcase classname="testCases.LogInTestCases" name="verifyUserWithInvalidData" time="2.464"/>
  <system-out/>
  <testcase classname="testCases.LogInTestCases" name="verifyUserWithInvalidData" time="3.791"/>
  <system-out/>
  <testcase classname="testCases.LogInTestCases" name="verifyUserWithInvalidData" time="3.841"/>
  <system-out/>
  <testcase classname="testCases.LogInTestCases" name="homePageEndToEndBasicFlow" time="2.409"/>
  <system-out/>
  <testcase classname="testCases.LogInTestCases" name="verifyWithValidUser" time="4.246"/>
  <system-out/>
  <testcase classname="testCases.LogInTestCases" name="homePageEndToEndWithAlternetFlow" time="4.287"/>
  <system-out/>
  <testcase classname="testCases.LogInTestCases" name="verifyUserWithInvalidData" time="1.845"/>
  <system-out/>
  <testcase classname="testCases.LogInTestCases" name="verifyUserWithInvalidData" time="4.080"/>
  <system-out/>
  <testcase classname="testCases.LogInTestCases" name="verifyTheLogo" time="0.631"/>
  <system-out/>
  <testcase classname="testCases.LogInTestCases" name="verifyUserWithInvalidData" time="1.811"/>
  <system-out/>
  <testcase classname="testCases.LogInTestCases" name="verifyUserWithInvalidData" time="1.839"/>
  <system-out/>
  <testcase classname="testCases.LogInTestCases" name="verifyUserWithInvalidData" time="2.917"/>
  <system-out/>
</testsuite> <!-- testCases.LogInTestCases -->
