<?xml version="1.0" encoding="UTF-8"?>
<!-- Generated by org.testng.reporters.JUnitReportReporter -->
<testsuite hostname="WINDOWS-HP1SH4U" failures="0" tests="2" name="testCases.HistoryTestCases" time="6.485" errors="0" timestamp="2023-04-09T18:19:43 IST" skipped="0">
  <testcase classname="testCases.HistoryTestCases" name="addingAppointmtDisplyInHisty" time="3.658"/>
  <system-out/>
  <testcase classname="testCases.HistoryTestCases" name="HistoryEndToEnd" time="2.827"/>
  <system-out/>
</testsuite> <!-- testCases.HistoryTestCases -->
