<?xml version="1.0" encoding="UTF-8"?>
<!-- Generated by org.testng.reporters.JUnitReportReporter -->
<testsuite hostname="WINDOWS-HP1SH4U" failures="0" tests="2" name="testCases.MakeAppointmentTestCase" time="8.746" errors="0" timestamp="2023-04-09T18:19:43 IST" skipped="0">
  <testcase classname="testCases.MakeAppointmentTestCase" name="makeAppointmentEndToEndAlternetFlow" time="4.801"/>
  <system-out/>
  <testcase classname="testCases.MakeAppointmentTestCase" name="makeAppointmentEndToEnd" time="3.945"/>
  <system-out/>
</testsuite> <!-- testCases.MakeAppointmentTestCase -->
