<?xml version="1.0" encoding="UTF-8"?>
<!-- Generated by org.testng.reporters.JUnitReportReporter -->
<testsuite hostname="WINDOWS-HP1SH4U" failures="0" tests="1" name="testCases.ProfileTestCases" time="7.082" errors="0" timestamp="2023-04-09T18:19:43 IST" skipped="0">
  <testcase classname="testCases.ProfileTestCases" name="profileEndToEnd" time="7.082"/>
  <system-out/>
</testsuite> <!-- testCases.ProfileTestCases -->
